2019-04-10 01:28:38,474 CRIT Supervisor running as root (no user in config file)
2019-04-10 01:28:38,479 INFO supervisord started with pid 1
2019-04-10 01:28:39,482 INFO spawned: 'nginx' with pid 47
2019-04-10 01:28:39,486 INFO spawned: 'uwsgi' with pid 48
2019-04-10 01:28:40,648 INFO success: nginx entered RUNNING state, process has stayed up for > than 1 seconds (startsecs)
2019-04-10 01:28:40,650 INFO success: uwsgi entered RUNNING state, process has stayed up for > than 1 seconds (startsecs)
2019-04-10 01:35:52,998 WARN received SIGTERM indicating exit request
2019-04-10 01:35:53,005 INFO waiting for nginx, uwsgi to die
2019-04-10 01:35:56,144 INFO waiting for nginx, uwsgi to die
2019-04-10 01:35:59,154 INFO waiting for nginx, uwsgi to die
2019-04-10 01:38:12,379 CRIT Supervisor running as root (no user in config file)
2019-04-10 01:38:12,384 INFO supervisord started with pid 1
2019-04-10 01:38:13,388 INFO spawned: 'nginx' with pid 49
2019-04-10 01:38:13,391 INFO spawned: 'uwsgi' with pid 50
2019-04-10 01:38:14,495 INFO success: nginx entered RUNNING state, process has stayed up for > than 1 seconds (startsecs)
2019-04-10 01:38:14,496 INFO success: uwsgi entered RUNNING state, process has stayed up for > than 1 seconds (startsecs)
2019-04-10 02:21:58,061 CRIT Supervisor running as root (no user in config file)
2019-04-10 02:21:58,068 INFO supervisord started with pid 1
2019-04-10 02:21:59,073 INFO spawned: 'nginx' with pid 20
2019-04-10 02:21:59,076 INFO spawned: 'uwsgi' with pid 21
2019-04-10 02:22:00,188 INFO success: nginx entered RUNNING state, process has stayed up for > than 1 seconds (startsecs)
2019-04-10 02:22:00,189 INFO success: uwsgi entered RUNNING state, process has stayed up for > than 1 seconds (startsecs)
2019-04-10 02:28:28,924 CRIT Supervisor running as root (no user in config file)
2019-04-10 02:28:28,934 INFO supervisord started with pid 1
2019-04-10 02:28:29,938 INFO spawned: 'nginx' with pid 54
2019-04-10 02:28:29,941 INFO spawned: 'uwsgi' with pid 55
2019-04-10 02:28:31,021 INFO success: nginx entered RUNNING state, process has stayed up for > than 1 seconds (startsecs)
2019-04-10 02:28:31,021 INFO success: uwsgi entered RUNNING state, process has stayed up for > than 1 seconds (startsecs)
2019-04-10 02:52:21,457 CRIT Supervisor running as root (no user in config file)
2019-04-10 02:52:21,468 INFO supervisord started with pid 1
2019-04-10 02:52:22,472 INFO spawned: 'nginx' with pid 39
2019-04-10 02:52:22,480 INFO spawned: 'uwsgi' with pid 40
2019-04-10 02:52:23,688 INFO success: nginx entered RUNNING state, process has stayed up for > than 1 seconds (startsecs)
2019-04-10 02:52:23,689 INFO success: uwsgi entered RUNNING state, process has stayed up for > than 1 seconds (startsecs)
2019-04-10 02:52:36,758 WARN received SIGTERM indicating exit request
2019-04-10 02:52:36,760 INFO waiting for nginx, uwsgi to die
2019-04-10 02:52:39,914 INFO waiting for nginx, uwsgi to die
2019-04-10 02:52:42,994 INFO waiting for nginx, uwsgi to die
2019-04-10 02:52:46,002 INFO waiting for nginx, uwsgi to die
2019-04-10 02:57:35,321 CRIT Supervisor running as root (no user in config file)
2019-04-10 02:57:35,326 INFO supervisord started with pid 1
2019-04-10 02:57:36,330 INFO spawned: 'nginx' with pid 44
2019-04-10 02:57:36,334 INFO spawned: 'uwsgi' with pid 45
2019-04-10 02:57:37,467 INFO success: nginx entered RUNNING state, process has stayed up for > than 1 seconds (startsecs)
2019-04-10 02:57:37,467 INFO success: uwsgi entered RUNNING state, process has stayed up for > than 1 seconds (startsecs)
2019-04-10 03:06:34,844 CRIT Supervisor running as root (no user in config file)
2019-04-10 03:06:34,850 INFO supervisord started with pid 1
2019-04-10 03:06:35,856 INFO spawned: 'nginx' with pid 41
2019-04-10 03:06:35,859 INFO spawned: 'uwsgi' with pid 42
2019-04-10 03:06:36,963 INFO success: nginx entered RUNNING state, process has stayed up for > than 1 seconds (startsecs)
2019-04-10 03:06:36,964 INFO success: uwsgi entered RUNNING state, process has stayed up for > than 1 seconds (startsecs)
2019-04-10 03:35:12,168 WARN received SIGTERM indicating exit request
2019-04-10 03:35:12,177 INFO waiting for nginx, uwsgi to die
2019-04-10 03:35:15,356 INFO waiting for nginx, uwsgi to die
2019-04-10 03:35:18,796 INFO waiting for nginx, uwsgi to die
2019-04-10 03:35:21,803 INFO waiting for nginx, uwsgi to die
2019-04-10 03:35:43,825 CRIT Supervisor running as root (no user in config file)
2019-04-10 03:35:43,834 INFO supervisord started with pid 1
2019-04-10 03:35:44,839 INFO spawned: 'nginx' with pid 40
2019-04-10 03:35:44,843 INFO spawned: 'uwsgi' with pid 41
2019-04-10 03:35:45,932 INFO success: nginx entered RUNNING state, process has stayed up for > than 1 seconds (startsecs)
2019-04-10 03:35:45,932 INFO success: uwsgi entered RUNNING state, process has stayed up for > than 1 seconds (startsecs)
2019-04-10 03:36:49,177 WARN received SIGTERM indicating exit request
2019-04-10 03:36:49,179 INFO waiting for nginx, uwsgi to die
2019-04-10 03:36:52,319 INFO waiting for nginx, uwsgi to die
2019-04-10 03:36:55,412 INFO waiting for nginx, uwsgi to die
2019-04-10 03:36:58,420 INFO waiting for nginx, uwsgi to die
2019-04-10 03:37:30,032 CRIT Supervisor running as root (no user in config file)
2019-04-10 03:37:30,039 INFO supervisord started with pid 1
2019-04-10 03:37:31,042 INFO spawned: 'nginx' with pid 41
2019-04-10 03:37:31,048 INFO spawned: 'uwsgi' with pid 42
2019-04-10 03:37:32,095 INFO success: nginx entered RUNNING state, process has stayed up for > than 1 seconds (startsecs)
2019-04-10 03:37:32,096 INFO success: uwsgi entered RUNNING state, process has stayed up for > than 1 seconds (startsecs)
2019-04-10 03:46:02,701 CRIT Supervisor running as root (no user in config file)
2019-04-10 03:46:02,710 INFO supervisord started with pid 1
2019-04-10 03:46:03,714 INFO spawned: 'nginx' with pid 39
2019-04-10 03:46:03,717 INFO spawned: 'uwsgi' with pid 40
2019-04-10 03:46:04,777 INFO success: nginx entered RUNNING state, process has stayed up for > than 1 seconds (startsecs)
2019-04-10 03:46:04,778 INFO success: uwsgi entered RUNNING state, process has stayed up for > than 1 seconds (startsecs)
2019-04-10 03:47:34,147 CRIT Supervisor running as root (no user in config file)
2019-04-10 03:47:34,154 INFO supervisord started with pid 1
2019-04-10 03:47:35,159 INFO spawned: 'nginx' with pid 37
2019-04-10 03:47:35,162 INFO spawned: 'uwsgi' with pid 38
2019-04-10 03:47:36,211 INFO success: nginx entered RUNNING state, process has stayed up for > than 1 seconds (startsecs)
2019-04-10 03:47:36,212 INFO success: uwsgi entered RUNNING state, process has stayed up for > than 1 seconds (startsecs)
2019-04-10 03:53:22,434 WARN received SIGTERM indicating exit request
2019-04-10 03:53:22,435 INFO waiting for nginx, uwsgi to die
2019-04-10 03:53:25,612 INFO waiting for nginx, uwsgi to die
2019-04-10 03:53:28,722 INFO waiting for nginx, uwsgi to die
2019-04-10 03:53:31,734 INFO waiting for nginx, uwsgi to die
2019-04-10 03:53:57,612 CRIT Supervisor running as root (no user in config file)
2019-04-10 03:53:57,618 INFO supervisord started with pid 1
2019-04-10 03:53:58,620 INFO spawned: 'nginx' with pid 41
2019-04-10 03:53:58,623 INFO spawned: 'uwsgi' with pid 42
2019-04-10 03:53:59,675 INFO success: nginx entered RUNNING state, process has stayed up for > than 1 seconds (startsecs)
2019-04-10 03:53:59,676 INFO success: uwsgi entered RUNNING state, process has stayed up for > than 1 seconds (startsecs)
2019-04-10 15:01:41,528 WARN received SIGTERM indicating exit request
2019-04-10 15:01:41,535 INFO waiting for nginx, uwsgi to die
2019-04-10 15:01:44,771 INFO waiting for nginx, uwsgi to die
2019-04-10 15:01:48,329 INFO waiting for nginx, uwsgi to die
2019-04-10 15:01:51,339 INFO waiting for nginx, uwsgi to die
2019-04-10 15:36:18,948 CRIT Supervisor running as root (no user in config file)
2019-04-10 15:36:18,955 INFO supervisord started with pid 1
2019-04-10 15:36:19,959 INFO spawned: 'nginx' with pid 41
2019-04-10 15:36:19,962 INFO spawned: 'uwsgi' with pid 42
2019-04-10 15:36:21,057 INFO success: nginx entered RUNNING state, process has stayed up for > than 1 seconds (startsecs)
2019-04-10 15:36:21,062 INFO success: uwsgi entered RUNNING state, process has stayed up for > than 1 seconds (startsecs)
2019-04-10 15:38:07,439 CRIT Supervisor running as root (no user in config file)
2019-04-10 15:38:07,445 INFO supervisord started with pid 1
2019-04-10 15:38:08,449 INFO spawned: 'nginx' with pid 39
2019-04-10 15:38:08,455 INFO spawned: 'uwsgi' with pid 40
2019-04-10 15:38:09,505 INFO success: nginx entered RUNNING state, process has stayed up for > than 1 seconds (startsecs)
2019-04-10 15:38:09,506 INFO success: uwsgi entered RUNNING state, process has stayed up for > than 1 seconds (startsecs)
2019-04-10 16:17:29,137 CRIT Supervisor running as root (no user in config file)
2019-04-10 16:17:29,142 INFO supervisord started with pid 1
2019-04-10 16:17:30,147 INFO spawned: 'nginx' with pid 41
2019-04-10 16:17:30,150 INFO spawned: 'uwsgi' with pid 42
2019-04-10 16:17:31,203 INFO success: nginx entered RUNNING state, process has stayed up for > than 1 seconds (startsecs)
2019-04-10 16:17:31,204 INFO success: uwsgi entered RUNNING state, process has stayed up for > than 1 seconds (startsecs)
2019-04-10 16:23:37,577 CRIT Supervisor running as root (no user in config file)
2019-04-10 16:23:37,583 INFO supervisord started with pid 1
2019-04-10 16:23:38,587 INFO spawned: 'nginx' with pid 41
2019-04-10 16:23:38,591 INFO spawned: 'uwsgi' with pid 42
2019-04-10 16:23:39,652 INFO success: nginx entered RUNNING state, process has stayed up for > than 1 seconds (startsecs)
2019-04-10 16:23:39,653 INFO success: uwsgi entered RUNNING state, process has stayed up for > than 1 seconds (startsecs)
2019-04-10 16:28:11,633 WARN received SIGTERM indicating exit request
2019-04-10 16:28:11,636 INFO waiting for nginx, uwsgi to die
2019-04-10 16:28:15,425 INFO waiting for nginx, uwsgi to die
2019-04-10 16:28:18,434 INFO waiting for nginx, uwsgi to die
2019-04-10 16:28:21,444 INFO waiting for nginx, uwsgi to die
2019-04-10 16:28:42,237 CRIT Supervisor running as root (no user in config file)
2019-04-10 16:28:42,248 INFO supervisord started with pid 1
2019-04-10 16:28:43,252 INFO spawned: 'nginx' with pid 39
2019-04-10 16:28:43,256 INFO spawned: 'uwsgi' with pid 40
2019-04-10 16:28:45,094 INFO success: nginx entered RUNNING state, process has stayed up for > than 1 seconds (startsecs)
2019-04-10 16:28:45,095 INFO success: uwsgi entered RUNNING state, process has stayed up for > than 1 seconds (startsecs)
2019-04-10 16:30:07,009 CRIT Supervisor running as root (no user in config file)
2019-04-10 16:30:07,014 INFO supervisord started with pid 1
2019-04-10 16:30:08,018 INFO spawned: 'nginx' with pid 41
2019-04-10 16:30:08,020 INFO spawned: 'uwsgi' with pid 42
2019-04-10 16:30:09,058 INFO success: nginx entered RUNNING state, process has stayed up for > than 1 seconds (startsecs)
2019-04-10 16:30:09,064 INFO success: uwsgi entered RUNNING state, process has stayed up for > than 1 seconds (startsecs)
2019-04-10 18:18:29,981 CRIT Supervisor running as root (no user in config file)
2019-04-10 18:18:29,989 INFO supervisord started with pid 1
2019-04-10 18:18:30,993 INFO spawned: 'nginx' with pid 40
2019-04-10 18:18:30,996 INFO spawned: 'uwsgi' with pid 41
2019-04-10 18:18:32,049 INFO success: nginx entered RUNNING state, process has stayed up for > than 1 seconds (startsecs)
2019-04-10 18:18:32,049 INFO success: uwsgi entered RUNNING state, process has stayed up for > than 1 seconds (startsecs)
2019-04-10 18:20:32,548 WARN received SIGTERM indicating exit request
2019-04-10 18:20:32,549 INFO waiting for nginx, uwsgi to die
2019-04-10 18:20:35,778 INFO waiting for nginx, uwsgi to die
2019-04-10 18:20:38,805 INFO waiting for nginx, uwsgi to die
2019-04-10 18:20:41,810 INFO waiting for nginx, uwsgi to die
2019-04-10 18:21:05,649 CRIT Supervisor running as root (no user in config file)
2019-04-10 18:21:05,656 INFO supervisord started with pid 1
2019-04-10 18:21:06,659 INFO spawned: 'nginx' with pid 45
2019-04-10 18:21:06,661 INFO spawned: 'uwsgi' with pid 46
2019-04-10 18:21:07,700 INFO success: nginx entered RUNNING state, process has stayed up for > than 1 seconds (startsecs)
2019-04-10 18:21:07,700 INFO success: uwsgi entered RUNNING state, process has stayed up for > than 1 seconds (startsecs)
2019-04-10 18:29:27,128 CRIT Supervisor running as root (no user in config file)
2019-04-10 18:29:27,136 INFO supervisord started with pid 1
2019-04-10 18:29:28,142 INFO spawned: 'nginx' with pid 39
2019-04-10 18:29:28,146 INFO spawned: 'uwsgi' with pid 40
2019-04-10 18:29:29,191 INFO success: nginx entered RUNNING state, process has stayed up for > than 1 seconds (startsecs)
2019-04-10 18:29:29,192 INFO success: uwsgi entered RUNNING state, process has stayed up for > than 1 seconds (startsecs)
2019-04-10 18:33:09,718 WARN received SIGTERM indicating exit request
2019-04-10 18:33:09,721 INFO waiting for nginx, uwsgi to die
2019-04-10 18:33:12,817 INFO waiting for nginx, uwsgi to die
2019-04-10 18:33:15,833 INFO waiting for nginx, uwsgi to die
2019-04-10 18:33:18,843 INFO waiting for nginx, uwsgi to die
2019-04-10 18:35:22,418 CRIT Supervisor running as root (no user in config file)
2019-04-10 18:35:22,423 INFO supervisord started with pid 1
2019-04-10 18:35:23,427 INFO spawned: 'nginx' with pid 42
2019-04-10 18:35:23,430 INFO spawned: 'uwsgi' with pid 43
2019-04-10 18:35:24,485 INFO success: nginx entered RUNNING state, process has stayed up for > than 1 seconds (startsecs)
2019-04-10 18:35:24,485 INFO success: uwsgi entered RUNNING state, process has stayed up for > than 1 seconds (startsecs)
2019-04-10 18:42:25,788 CRIT Supervisor running as root (no user in config file)
2019-04-10 18:42:25,797 INFO supervisord started with pid 1
2019-04-10 18:42:26,801 INFO spawned: 'nginx' with pid 40
2019-04-10 18:42:26,804 INFO spawned: 'uwsgi' with pid 41
2019-04-10 18:42:27,865 INFO success: nginx entered RUNNING state, process has stayed up for > than 1 seconds (startsecs)
2019-04-10 18:42:27,867 INFO success: uwsgi entered RUNNING state, process has stayed up for > than 1 seconds (startsecs)
2019-04-10 18:47:00,306 CRIT Supervisor running as root (no user in config file)
2019-04-10 18:47:00,312 INFO supervisord started with pid 1
2019-04-10 18:47:01,315 INFO spawned: 'nginx' with pid 44
2019-04-10 18:47:01,318 INFO spawned: 'uwsgi' with pid 45
2019-04-10 18:47:02,380 INFO success: nginx entered RUNNING state, process has stayed up for > than 1 seconds (startsecs)
2019-04-10 18:47:02,380 INFO success: uwsgi entered RUNNING state, process has stayed up for > than 1 seconds (startsecs)
2019-04-10 18:52:10,573 WARN received SIGTERM indicating exit request
2019-04-10 18:52:10,575 INFO waiting for nginx, uwsgi to die
2019-04-10 18:52:13,756 INFO waiting for nginx, uwsgi to die
2019-04-10 18:52:16,881 INFO waiting for nginx, uwsgi to die
2019-04-10 18:52:19,889 INFO waiting for nginx, uwsgi to die
2019-04-10 18:52:56,607 CRIT Supervisor running as root (no user in config file)
2019-04-10 18:52:56,616 INFO supervisord started with pid 1
2019-04-10 18:52:57,619 INFO spawned: 'nginx' with pid 42
2019-04-10 18:52:57,622 INFO spawned: 'uwsgi' with pid 43
2019-04-10 18:52:58,681 INFO success: nginx entered RUNNING state, process has stayed up for > than 1 seconds (startsecs)
2019-04-10 18:52:58,681 INFO success: uwsgi entered RUNNING state, process has stayed up for > than 1 seconds (startsecs)
2019-04-10 18:57:08,361 WARN received SIGTERM indicating exit request
2019-04-10 18:57:08,364 INFO waiting for nginx, uwsgi to die
2019-04-10 18:57:11,488 INFO waiting for nginx, uwsgi to die
2019-04-10 18:57:14,505 INFO waiting for nginx, uwsgi to die
2019-04-10 18:57:17,512 INFO waiting for nginx, uwsgi to die
2019-04-10 18:57:57,990 CRIT Supervisor running as root (no user in config file)
2019-04-10 18:57:57,998 INFO supervisord started with pid 1
2019-04-10 18:57:59,004 INFO spawned: 'nginx' with pid 39
2019-04-10 18:57:59,007 INFO spawned: 'uwsgi' with pid 40
2019-04-10 18:58:00,076 INFO success: nginx entered RUNNING state, process has stayed up for > than 1 seconds (startsecs)
2019-04-10 18:58:00,076 INFO success: uwsgi entered RUNNING state, process has stayed up for > than 1 seconds (startsecs)
2019-04-10 19:07:41,322 CRIT Supervisor running as root (no user in config file)
2019-04-10 19:07:41,327 INFO supervisord started with pid 1
2019-04-10 19:07:42,331 INFO spawned: 'nginx' with pid 39
2019-04-10 19:07:42,334 INFO spawned: 'uwsgi' with pid 40
2019-04-10 19:07:43,384 INFO success: nginx entered RUNNING state, process has stayed up for > than 1 seconds (startsecs)
2019-04-10 19:07:43,384 INFO success: uwsgi entered RUNNING state, process has stayed up for > than 1 seconds (startsecs)
2019-04-10 19:12:43,842 CRIT Supervisor running as root (no user in config file)
2019-04-10 19:12:43,847 INFO supervisord started with pid 1
2019-04-10 19:12:44,853 INFO spawned: 'nginx' with pid 39
2019-04-10 19:12:44,856 INFO spawned: 'uwsgi' with pid 40
2019-04-10 19:12:45,910 INFO success: nginx entered RUNNING state, process has stayed up for > than 1 seconds (startsecs)
2019-04-10 19:12:45,911 INFO success: uwsgi entered RUNNING state, process has stayed up for > than 1 seconds (startsecs)
2019-04-10 19:18:57,954 CRIT Supervisor running as root (no user in config file)
2019-04-10 19:18:57,959 INFO supervisord started with pid 1
2019-04-10 19:18:58,962 INFO spawned: 'nginx' with pid 41
2019-04-10 19:18:58,964 INFO spawned: 'uwsgi' with pid 42
2019-04-10 19:19:00,015 INFO success: nginx entered RUNNING state, process has stayed up for > than 1 seconds (startsecs)
2019-04-10 19:19:00,016 INFO success: uwsgi entered RUNNING state, process has stayed up for > than 1 seconds (startsecs)
2019-04-10 19:27:31,827 CRIT Supervisor running as root (no user in config file)
2019-04-10 19:27:31,832 INFO supervisord started with pid 1
2019-04-10 19:27:32,837 INFO spawned: 'nginx' with pid 41
2019-04-10 19:27:32,840 INFO spawned: 'uwsgi' with pid 42
2019-04-10 19:27:33,886 INFO success: nginx entered RUNNING state, process has stayed up for > than 1 seconds (startsecs)
2019-04-10 19:27:33,887 INFO success: uwsgi entered RUNNING state, process has stayed up for > than 1 seconds (startsecs)
2019-04-10 19:41:10,141 WARN received SIGTERM indicating exit request
2019-04-10 19:41:10,142 INFO waiting for nginx, uwsgi to die
2019-04-10 19:41:13,240 INFO waiting for nginx, uwsgi to die
2019-04-10 19:41:16,251 INFO waiting for nginx, uwsgi to die
2019-04-10 19:41:19,262 INFO waiting for nginx, uwsgi to die
2019-04-10 19:41:48,871 CRIT Supervisor running as root (no user in config file)
2019-04-10 19:41:48,879 INFO supervisord started with pid 1
2019-04-10 19:41:49,882 INFO spawned: 'nginx' with pid 41
2019-04-10 19:41:49,886 INFO spawned: 'uwsgi' with pid 42
2019-04-10 19:41:50,933 INFO success: nginx entered RUNNING state, process has stayed up for > than 1 seconds (startsecs)
2019-04-10 19:41:50,934 INFO success: uwsgi entered RUNNING state, process has stayed up for > than 1 seconds (startsecs)
2019-04-10 19:43:44,560 WARN received SIGTERM indicating exit request
2019-04-10 19:43:44,561 INFO waiting for nginx, uwsgi to die
2019-04-10 19:43:47,744 INFO waiting for nginx, uwsgi to die
2019-04-10 19:43:50,758 INFO waiting for nginx, uwsgi to die
2019-04-10 19:43:53,764 INFO waiting for nginx, uwsgi to die
2019-04-10 19:44:15,570 CRIT Supervisor running as root (no user in config file)
2019-04-10 19:44:15,576 INFO supervisord started with pid 1
2019-04-10 19:44:16,580 INFO spawned: 'nginx' with pid 42
2019-04-10 19:44:16,584 INFO spawned: 'uwsgi' with pid 43
2019-04-10 19:44:17,638 INFO success: nginx entered RUNNING state, process has stayed up for > than 1 seconds (startsecs)
2019-04-10 19:44:17,639 INFO success: uwsgi entered RUNNING state, process has stayed up for > than 1 seconds (startsecs)
2019-04-10 19:45:32,027 WARN received SIGTERM indicating exit request
2019-04-10 19:45:32,028 INFO waiting for nginx, uwsgi to die
2019-04-10 19:45:35,201 INFO waiting for nginx, uwsgi to die
2019-04-10 19:45:38,233 INFO waiting for nginx, uwsgi to die
2019-04-10 19:45:41,242 INFO waiting for nginx, uwsgi to die
2019-04-10 19:48:31,718 CRIT Supervisor running as root (no user in config file)
2019-04-10 19:48:31,725 INFO supervisord started with pid 1
2019-04-10 19:48:32,729 INFO spawned: 'nginx' with pid 41
2019-04-10 19:48:32,731 INFO spawned: 'uwsgi' with pid 42
2019-04-10 19:48:33,781 INFO success: nginx entered RUNNING state, process has stayed up for > than 1 seconds (startsecs)
2019-04-10 19:48:33,782 INFO success: uwsgi entered RUNNING state, process has stayed up for > than 1 seconds (startsecs)
2019-04-10 19:49:03,713 WARN received SIGTERM indicating exit request
2019-04-10 19:49:03,714 INFO waiting for nginx, uwsgi to die
2019-04-10 19:49:06,839 INFO waiting for nginx, uwsgi to die
2019-04-10 19:49:09,850 INFO waiting for nginx, uwsgi to die
2019-04-10 19:49:12,863 INFO waiting for nginx, uwsgi to die
2019-04-10 19:49:32,053 CRIT Supervisor running as root (no user in config file)
2019-04-10 19:49:32,061 INFO supervisord started with pid 1
2019-04-10 19:49:33,067 INFO spawned: 'nginx' with pid 40
2019-04-10 19:49:33,070 INFO spawned: 'uwsgi' with pid 41
2019-04-10 19:49:34,122 INFO success: nginx entered RUNNING state, process has stayed up for > than 1 seconds (startsecs)
2019-04-10 19:49:34,123 INFO success: uwsgi entered RUNNING state, process has stayed up for > than 1 seconds (startsecs)
2019-04-10 19:51:01,712 CRIT Supervisor running as root (no user in config file)
2019-04-10 19:51:01,721 INFO supervisord started with pid 1
2019-04-10 19:51:02,726 INFO spawned: 'nginx' with pid 41
2019-04-10 19:51:02,730 INFO spawned: 'uwsgi' with pid 42
2019-04-10 19:51:03,820 INFO success: nginx entered RUNNING state, process has stayed up for > than 1 seconds (startsecs)
2019-04-10 19:51:03,821 INFO success: uwsgi entered RUNNING state, process has stayed up for > than 1 seconds (startsecs)
2019-04-10 20:59:12,366 WARN received SIGTERM indicating exit request
2019-04-10 20:59:12,370 INFO waiting for nginx, uwsgi to die
2019-04-10 20:59:15,574 INFO waiting for nginx, uwsgi to die
2019-04-10 20:59:18,802 INFO waiting for nginx, uwsgi to die
2019-04-10 20:59:21,808 INFO waiting for nginx, uwsgi to die
2019-04-10 20:59:46,560 CRIT Supervisor running as root (no user in config file)
2019-04-10 20:59:46,568 INFO supervisord started with pid 1
2019-04-10 20:59:47,572 INFO spawned: 'nginx' with pid 40
2019-04-10 20:59:47,575 INFO spawned: 'uwsgi' with pid 41
2019-04-10 20:59:48,626 INFO success: nginx entered RUNNING state, process has stayed up for > than 1 seconds (startsecs)
2019-04-10 20:59:48,626 INFO success: uwsgi entered RUNNING state, process has stayed up for > than 1 seconds (startsecs)
2019-04-10 21:24:31,502 WARN received SIGTERM indicating exit request
2019-04-10 21:24:31,525 INFO waiting for nginx, uwsgi to die
2019-04-10 21:24:34,651 INFO waiting for nginx, uwsgi to die
2019-04-10 21:24:37,667 INFO waiting for nginx, uwsgi to die
2019-04-10 21:24:40,679 INFO waiting for nginx, uwsgi to die
2019-04-10 21:27:00,163 CRIT Supervisor running as root (no user in config file)
2019-04-10 21:27:00,173 INFO supervisord started with pid 1
2019-04-10 21:27:01,176 INFO spawned: 'nginx' with pid 41
2019-04-10 21:27:01,179 INFO spawned: 'uwsgi' with pid 42
2019-04-10 21:27:02,306 INFO success: nginx entered RUNNING state, process has stayed up for > than 1 seconds (startsecs)
2019-04-10 21:27:02,307 INFO success: uwsgi entered RUNNING state, process has stayed up for > than 1 seconds (startsecs)
2019-04-10 21:31:36,612 WARN received SIGTERM indicating exit request
2019-04-10 21:31:36,616 INFO waiting for nginx, uwsgi to die
2019-04-10 21:31:39,780 INFO waiting for nginx, uwsgi to die
2019-04-10 21:31:42,957 INFO waiting for nginx, uwsgi to die
2019-04-10 21:31:45,964 INFO waiting for nginx, uwsgi to die
2019-04-10 21:32:30,896 CRIT Supervisor running as root (no user in config file)
2019-04-10 21:32:30,905 INFO supervisord started with pid 1
2019-04-10 21:32:31,909 INFO spawned: 'nginx' with pid 41
2019-04-10 21:32:31,912 INFO spawned: 'uwsgi' with pid 42
2019-04-10 21:32:32,983 INFO success: nginx entered RUNNING state, process has stayed up for > than 1 seconds (startsecs)
2019-04-10 21:32:32,984 INFO success: uwsgi entered RUNNING state, process has stayed up for > than 1 seconds (startsecs)
2019-04-10 21:39:10,099 CRIT Supervisor running as root (no user in config file)
2019-04-10 21:39:10,107 INFO supervisord started with pid 1
2019-04-10 21:39:11,111 INFO spawned: 'nginx' with pid 41
2019-04-10 21:39:11,114 INFO spawned: 'uwsgi' with pid 42
2019-04-10 21:39:12,217 INFO success: nginx entered RUNNING state, process has stayed up for > than 1 seconds (startsecs)
2019-04-10 21:39:12,218 INFO success: uwsgi entered RUNNING state, process has stayed up for > than 1 seconds (startsecs)
2019-04-10 21:42:37,862 WARN received SIGTERM indicating exit request
2019-04-10 21:42:37,863 INFO waiting for nginx, uwsgi to die
2019-04-10 21:42:41,068 INFO waiting for nginx, uwsgi to die
2019-04-10 21:42:44,198 INFO waiting for nginx, uwsgi to die
2019-04-10 21:42:47,720 INFO waiting for nginx, uwsgi to die
2019-04-11 18:08:06,533 CRIT Supervisor running as root (no user in config file)
2019-04-11 18:08:06,543 INFO supervisord started with pid 1
2019-04-11 18:08:07,547 INFO spawned: 'nginx' with pid 48
2019-04-11 18:08:07,550 INFO spawned: 'uwsgi' with pid 49
2019-04-11 18:08:08,631 INFO success: nginx entered RUNNING state, process has stayed up for > than 1 seconds (startsecs)
2019-04-11 18:08:08,632 INFO success: uwsgi entered RUNNING state, process has stayed up for > than 1 seconds (startsecs)
2019-04-11 18:10:35,562 CRIT Supervisor running as root (no user in config file)
2019-04-11 18:10:35,572 INFO supervisord started with pid 1
2019-04-11 18:10:36,576 INFO spawned: 'nginx' with pid 47
2019-04-11 18:10:36,579 INFO spawned: 'uwsgi' with pid 48
2019-04-11 18:10:37,681 INFO success: nginx entered RUNNING state, process has stayed up for > than 1 seconds (startsecs)
2019-04-11 18:10:37,682 INFO success: uwsgi entered RUNNING state, process has stayed up for > than 1 seconds (startsecs)
2019-04-11 19:41:57,325 CRIT Supervisor running as root (no user in config file)
2019-04-11 19:41:57,338 INFO supervisord started with pid 1
2019-04-11 19:41:58,306 INFO spawned: 'nginx' with pid 48
2019-04-11 19:41:58,309 INFO spawned: 'uwsgi' with pid 49
2019-04-11 19:41:59,408 INFO success: nginx entered RUNNING state, process has stayed up for > than 1 seconds (startsecs)
2019-04-11 19:41:59,409 INFO success: uwsgi entered RUNNING state, process has stayed up for > than 1 seconds (startsecs)
2019-04-11 19:54:50,337 CRIT Supervisor running as root (no user in config file)
2019-04-11 19:54:50,350 INFO supervisord started with pid 1
2019-04-11 19:54:51,355 INFO spawned: 'nginx' with pid 47
2019-04-11 19:54:51,359 INFO spawned: 'uwsgi' with pid 48
2019-04-11 19:54:51,363 INFO spawned: 'ithriv_service_setup' with pid 49
2019-04-11 19:54:52,483 INFO success: nginx entered RUNNING state, process has stayed up for > than 1 seconds (startsecs)
2019-04-11 19:54:52,498 INFO success: uwsgi entered RUNNING state, process has stayed up for > than 1 seconds (startsecs)
2019-04-11 19:54:52,498 INFO success: ithriv_service_setup entered RUNNING state, process has stayed up for > than 1 seconds (startsecs)
2019-04-11 19:55:14,848 INFO exited: ithriv_service_setup (exit status 1; not expected)
2019-04-11 19:55:15,870 INFO spawned: 'ithriv_service_setup' with pid 63
2019-04-11 19:55:16,874 INFO success: ithriv_service_setup entered RUNNING state, process has stayed up for > than 1 seconds (startsecs)
2019-04-11 19:55:17,388 INFO exited: ithriv_service_setup (exit status 0; expected)
2019-04-11 19:55:18,392 INFO spawned: 'ithriv_service_setup' with pid 67
2019-04-11 19:55:19,397 INFO success: ithriv_service_setup entered RUNNING state, process has stayed up for > than 1 seconds (startsecs)
2019-04-11 19:55:19,676 INFO exited: ithriv_service_setup (exit status 0; expected)
2019-04-11 19:55:20,682 INFO spawned: 'ithriv_service_setup' with pid 71
2019-04-11 19:55:21,685 INFO success: ithriv_service_setup entered RUNNING state, process has stayed up for > than 1 seconds (startsecs)
2019-04-11 19:55:22,018 INFO exited: ithriv_service_setup (exit status 0; expected)
2019-04-11 19:55:23,022 INFO spawned: 'ithriv_service_setup' with pid 75
2019-04-11 19:55:24,025 INFO success: ithriv_service_setup entered RUNNING state, process has stayed up for > than 1 seconds (startsecs)
2019-04-11 19:55:24,571 INFO exited: ithriv_service_setup (exit status 0; expected)
2019-04-11 19:55:25,576 INFO spawned: 'ithriv_service_setup' with pid 79
2019-04-11 19:55:26,579 INFO success: ithriv_service_setup entered RUNNING state, process has stayed up for > than 1 seconds (startsecs)
2019-04-11 19:55:26,925 INFO exited: ithriv_service_setup (exit status 0; expected)
2019-04-11 19:55:27,896 INFO spawned: 'ithriv_service_setup' with pid 83
2019-04-11 19:55:28,900 INFO success: ithriv_service_setup entered RUNNING state, process has stayed up for > than 1 seconds (startsecs)
2019-04-11 19:55:29,180 INFO exited: ithriv_service_setup (exit status 0; expected)
2019-04-11 19:55:30,184 INFO spawned: 'ithriv_service_setup' with pid 87
2019-04-11 19:55:31,187 INFO success: ithriv_service_setup entered RUNNING state, process has stayed up for > than 1 seconds (startsecs)
2019-04-11 19:55:31,452 INFO exited: ithriv_service_setup (exit status 0; expected)
2019-04-11 19:55:32,456 INFO spawned: 'ithriv_service_setup' with pid 91
2019-04-11 19:55:33,459 INFO success: ithriv_service_setup entered RUNNING state, process has stayed up for > than 1 seconds (startsecs)
2019-04-11 19:55:33,663 INFO exited: ithriv_service_setup (exit status 0; expected)
2019-04-11 19:55:34,667 INFO spawned: 'ithriv_service_setup' with pid 95
2019-04-11 19:55:35,671 INFO success: ithriv_service_setup entered RUNNING state, process has stayed up for > than 1 seconds (startsecs)
2019-04-11 19:55:35,866 INFO exited: ithriv_service_setup (exit status 0; expected)
2019-04-11 19:55:36,871 INFO spawned: 'ithriv_service_setup' with pid 99
2019-04-11 19:55:37,877 INFO success: ithriv_service_setup entered RUNNING state, process has stayed up for > than 1 seconds (startsecs)
2019-04-11 19:55:38,166 INFO exited: ithriv_service_setup (exit status 0; expected)
2019-04-11 19:55:39,171 INFO spawned: 'ithriv_service_setup' with pid 103
2019-04-11 19:55:40,182 INFO success: ithriv_service_setup entered RUNNING state, process has stayed up for > than 1 seconds (startsecs)
2019-04-11 19:55:40,457 INFO exited: ithriv_service_setup (exit status 0; expected)
2019-04-11 19:55:41,462 INFO spawned: 'ithriv_service_setup' with pid 107
2019-04-11 19:55:42,466 INFO success: ithriv_service_setup entered RUNNING state, process has stayed up for > than 1 seconds (startsecs)
2019-04-11 19:55:42,722 INFO exited: ithriv_service_setup (exit status 0; expected)
2019-04-11 19:55:43,726 INFO spawned: 'ithriv_service_setup' with pid 111
2019-04-11 19:55:44,733 INFO success: ithriv_service_setup entered RUNNING state, process has stayed up for > than 1 seconds (startsecs)
2019-04-11 19:55:44,985 INFO exited: ithriv_service_setup (exit status 0; expected)
2019-04-11 19:55:45,988 INFO spawned: 'ithriv_service_setup' with pid 115
2019-04-11 19:55:46,992 INFO success: ithriv_service_setup entered RUNNING state, process has stayed up for > than 1 seconds (startsecs)
2019-04-11 19:55:47,251 INFO exited: ithriv_service_setup (exit status 0; expected)
2019-04-11 19:59:21,042 CRIT Supervisor running as root (no user in config file)
2019-04-11 19:59:21,053 INFO supervisord started with pid 1
2019-04-11 19:59:22,058 INFO spawned: 'nginx' with pid 47
2019-04-11 19:59:22,061 INFO spawned: 'uwsgi' with pid 48
2019-04-11 19:59:22,065 INFO spawned: 'ithriv_service_setup' with pid 49
2019-04-11 19:59:23,161 INFO success: nginx entered RUNNING state, process has stayed up for > than 1 seconds (startsecs)
2019-04-11 19:59:23,162 INFO success: uwsgi entered RUNNING state, process has stayed up for > than 1 seconds (startsecs)
2019-04-11 19:59:23,163 INFO success: ithriv_service_setup entered RUNNING state, process has stayed up for > than 1 seconds (startsecs)
2019-04-11 19:59:45,389 INFO exited: ithriv_service_setup (exit status 1; not expected)
2019-04-11 20:02:47,431 CRIT Supervisor running as root (no user in config file)
2019-04-11 20:02:47,436 INFO supervisord started with pid 1
2019-04-11 20:02:48,442 INFO spawned: 'nginx' with pid 48
2019-04-11 20:02:48,444 INFO spawned: 'uwsgi' with pid 49
2019-04-11 20:02:48,447 INFO spawned: 'ithriv_service_setup' with pid 50
2019-04-11 20:02:49,578 INFO success: nginx entered RUNNING state, process has stayed up for > than 1 seconds (startsecs)
2019-04-11 20:02:49,579 INFO success: uwsgi entered RUNNING state, process has stayed up for > than 1 seconds (startsecs)
2019-04-11 20:02:49,580 INFO success: ithriv_service_setup entered RUNNING state, process has stayed up for > than 1 seconds (startsecs)
2019-04-11 20:02:50,540 INFO exited: ithriv_service_setup (exit status 0; expected)
2019-04-11 20:03:48,040 CRIT Supervisor running as root (no user in config file)
2019-04-11 20:03:48,046 INFO supervisord started with pid 1
2019-04-11 20:03:49,053 INFO spawned: 'nginx' with pid 49
2019-04-11 20:03:49,058 INFO spawned: 'uwsgi' with pid 50
2019-04-11 20:03:49,061 INFO spawned: 'ithriv_service_setup' with pid 51
2019-04-11 20:03:50,183 INFO success: nginx entered RUNNING state, process has stayed up for > than 1 seconds (startsecs)
2019-04-11 20:03:50,183 INFO success: uwsgi entered RUNNING state, process has stayed up for > than 1 seconds (startsecs)
2019-04-11 20:03:50,184 INFO success: ithriv_service_setup entered RUNNING state, process has stayed up for > than 1 seconds (startsecs)
2019-04-11 20:04:11,435 INFO exited: ithriv_service_setup (exit status 1; not expected)
2019-04-11 20:08:37,016 WARN received SIGTERM indicating exit request
2019-04-11 20:08:37,017 INFO waiting for nginx, uwsgi to die
2019-04-11 20:08:40,231 INFO waiting for nginx, uwsgi to die
2019-04-11 20:08:43,546 INFO waiting for nginx, uwsgi to die
2019-04-11 20:08:46,559 INFO waiting for nginx, uwsgi to die
2019-04-11 20:09:12,669 CRIT Supervisor running as root (no user in config file)
2019-04-11 20:09:12,680 INFO supervisord started with pid 1
2019-04-11 20:09:13,683 INFO spawned: 'nginx' with pid 49
2019-04-11 20:09:13,686 INFO spawned: 'uwsgi' with pid 50
2019-04-11 20:09:13,690 INFO spawned: 'ithriv_service_setup' with pid 51
2019-04-11 20:09:14,760 INFO success: nginx entered RUNNING state, process has stayed up for > than 1 seconds (startsecs)
2019-04-11 20:09:14,761 INFO success: uwsgi entered RUNNING state, process has stayed up for > than 1 seconds (startsecs)
2019-04-11 20:09:14,762 INFO success: ithriv_service_setup entered RUNNING state, process has stayed up for > than 1 seconds (startsecs)
2019-04-11 20:09:40,184 INFO exited: ithriv_service_setup (exit status 0; expected)
2019-04-11 20:10:24,832 CRIT Supervisor running as root (no user in config file)
2019-04-11 20:10:24,837 INFO supervisord started with pid 1
2019-04-11 20:10:49,498 CRIT Supervisor running as root (no user in config file)
2019-04-11 20:10:49,511 INFO supervisord started with pid 1
2019-04-11 20:10:50,514 INFO spawned: 'nginx' with pid 47
2019-04-11 20:10:50,517 INFO spawned: 'uwsgi' with pid 48
2019-04-11 20:10:50,519 INFO spawned: 'ithriv_service_setup' with pid 49
2019-04-11 20:10:51,638 INFO success: nginx entered RUNNING state, process has stayed up for > than 1 seconds (startsecs)
2019-04-11 20:10:51,639 INFO success: uwsgi entered RUNNING state, process has stayed up for > than 1 seconds (startsecs)
2019-04-11 20:10:51,640 INFO success: ithriv_service_setup entered RUNNING state, process has stayed up for > than 1 seconds (startsecs)
2019-04-11 20:10:52,543 INFO exited: ithriv_service_setup (exit status 0; expected)
2019-04-11 20:21:19,125 CRIT Supervisor running as root (no user in config file)
2019-04-11 20:21:19,133 INFO supervisord started with pid 1
2019-04-11 20:21:20,137 INFO spawned: 'nginx' with pid 47
2019-04-11 20:21:20,140 INFO spawned: 'uwsgi' with pid 48
2019-04-11 20:21:20,143 INFO spawned: 'ithriv_service_setup' with pid 49
2019-04-11 20:21:21,209 INFO success: nginx entered RUNNING state, process has stayed up for > than 1 seconds (startsecs)
2019-04-11 20:21:21,210 INFO success: uwsgi entered RUNNING state, process has stayed up for > than 1 seconds (startsecs)
2019-04-11 20:21:21,211 INFO success: ithriv_service_setup entered RUNNING state, process has stayed up for > than 1 seconds (startsecs)
2019-04-11 20:21:49,716 INFO exited: ithriv_service_setup (exit status 0; expected)
2019-04-11 20:24:53,398 CRIT Supervisor running as root (no user in config file)
2019-04-11 20:24:53,403 INFO supervisord started with pid 1
2019-04-11 20:24:54,408 INFO spawned: 'nginx' with pid 47
2019-04-11 20:24:54,411 INFO spawned: 'uwsgi' with pid 48
2019-04-11 20:24:54,414 INFO spawned: 'ithriv_service_setup' with pid 49
2019-04-11 20:24:55,507 INFO success: nginx entered RUNNING state, process has stayed up for > than 1 seconds (startsecs)
2019-04-11 20:24:55,509 INFO success: uwsgi entered RUNNING state, process has stayed up for > than 1 seconds (startsecs)
2019-04-11 20:24:55,509 INFO success: ithriv_service_setup entered RUNNING state, process has stayed up for > than 1 seconds (startsecs)
2019-04-11 20:25:20,398 INFO exited: ithriv_service_setup (exit status 1; not expected)
2019-04-11 20:27:29,051 WARN received SIGTERM indicating exit request
2019-04-11 20:27:29,053 INFO waiting for nginx, uwsgi to die
2019-04-11 20:27:32,339 INFO waiting for nginx, uwsgi to die
2019-04-11 20:27:35,845 INFO waiting for nginx, uwsgi to die
2019-04-11 20:27:38,851 INFO waiting for nginx, uwsgi to die
2019-04-11 20:28:12,775 CRIT Supervisor running as root (no user in config file)
2019-04-11 20:28:12,782 INFO supervisord started with pid 1
2019-04-11 20:28:13,784 INFO spawned: 'nginx' with pid 47
2019-04-11 20:28:13,787 INFO spawned: 'uwsgi' with pid 48
2019-04-11 20:28:13,794 INFO spawned: 'ithriv_service_setup' with pid 49
2019-04-11 20:28:14,908 INFO success: nginx entered RUNNING state, process has stayed up for > than 1 seconds (startsecs)
2019-04-11 20:28:14,909 INFO success: uwsgi entered RUNNING state, process has stayed up for > than 1 seconds (startsecs)
2019-04-11 20:28:14,910 INFO success: ithriv_service_setup entered RUNNING state, process has stayed up for > than 1 seconds (startsecs)
2019-04-11 20:28:43,175 INFO exited: ithriv_service_setup (exit status 0; expected)
2019-04-11 20:31:28,335 WARN received SIGTERM indicating exit request
2019-04-11 20:31:28,336 INFO waiting for nginx, uwsgi to die
2019-04-11 20:31:31,553 INFO waiting for nginx, uwsgi to die
2019-04-11 20:31:34,946 INFO waiting for nginx, uwsgi to die
2019-04-11 20:31:37,957 INFO waiting for nginx, uwsgi to die
2019-04-11 20:31:47,320 CRIT Supervisor running as root (no user in config file)
2019-04-11 20:31:47,326 INFO supervisord started with pid 1
2019-04-11 20:31:48,331 INFO spawned: 'nginx' with pid 20
2019-04-11 20:31:48,336 INFO spawned: 'uwsgi' with pid 21
2019-04-11 20:31:48,340 INFO spawned: 'ithriv_service_setup' with pid 22
2019-04-11 20:31:49,423 INFO success: nginx entered RUNNING state, process has stayed up for > than 1 seconds (startsecs)
2019-04-11 20:31:49,425 INFO success: uwsgi entered RUNNING state, process has stayed up for > than 1 seconds (startsecs)
2019-04-11 20:31:49,427 INFO success: ithriv_service_setup entered RUNNING state, process has stayed up for > than 1 seconds (startsecs)
2019-04-11 20:31:50,204 INFO exited: ithriv_service_setup (exit status 0; expected)
2019-04-11 20:31:58,284 WARN received SIGTERM indicating exit request
2019-04-11 20:31:58,285 INFO waiting for nginx, uwsgi to die
2019-04-11 20:32:01,533 INFO waiting for nginx, uwsgi to die
2019-04-11 20:32:04,733 INFO waiting for nginx, uwsgi to die
2019-04-11 20:32:07,740 INFO waiting for nginx, uwsgi to die
2019-04-11 20:32:39,947 CRIT Supervisor running as root (no user in config file)
2019-04-11 20:32:39,954 INFO supervisord started with pid 1
2019-04-11 20:32:40,957 INFO spawned: 'nginx' with pid 48
2019-04-11 20:32:40,960 INFO spawned: 'uwsgi' with pid 49
2019-04-11 20:32:40,963 INFO spawned: 'ithriv_service_setup' with pid 50
2019-04-11 20:32:42,066 INFO success: nginx entered RUNNING state, process has stayed up for > than 1 seconds (startsecs)
2019-04-11 20:32:42,067 INFO success: uwsgi entered RUNNING state, process has stayed up for > than 1 seconds (startsecs)
2019-04-11 20:32:42,068 INFO success: ithriv_service_setup entered RUNNING state, process has stayed up for > than 1 seconds (startsecs)
2019-04-11 20:32:43,331 INFO exited: ithriv_service_setup (exit status 0; expected)
2019-04-11 20:40:03,494 CRIT Supervisor running as root (no user in config file)
2019-04-11 20:40:03,506 INFO supervisord started with pid 1
2019-04-11 20:40:04,511 INFO spawned: 'nginx' with pid 48
2019-04-11 20:40:04,514 INFO spawned: 'uwsgi' with pid 49
2019-04-11 20:40:04,518 INFO spawned: 'ithriv_service_setup' with pid 50
2019-04-11 20:40:05,610 INFO success: nginx entered RUNNING state, process has stayed up for > than 1 seconds (startsecs)
2019-04-11 20:40:05,612 INFO success: uwsgi entered RUNNING state, process has stayed up for > than 1 seconds (startsecs)
2019-04-11 20:40:05,613 INFO success: ithriv_service_setup entered RUNNING state, process has stayed up for > than 1 seconds (startsecs)
2019-04-11 20:40:06,748 INFO exited: ithriv_service_setup (exit status 0; expected)
2019-04-11 20:43:01,785 CRIT Supervisor running as root (no user in config file)
2019-04-11 20:43:01,792 INFO supervisord started with pid 1
2019-04-11 20:43:02,796 INFO spawned: 'nginx' with pid 47
2019-04-11 20:43:02,799 INFO spawned: 'uwsgi' with pid 48
2019-04-11 20:43:02,802 INFO spawned: 'ithriv_service_setup' with pid 49
2019-04-11 20:43:03,900 INFO success: nginx entered RUNNING state, process has stayed up for > than 1 seconds (startsecs)
2019-04-11 20:43:03,901 INFO success: uwsgi entered RUNNING state, process has stayed up for > than 1 seconds (startsecs)
2019-04-11 20:43:03,902 INFO success: ithriv_service_setup entered RUNNING state, process has stayed up for > than 1 seconds (startsecs)
2019-04-11 20:43:04,619 INFO exited: ithriv_service_setup (exit status 0; expected)
2019-04-11 20:46:36,655 CRIT Supervisor running as root (no user in config file)
2019-04-11 20:46:36,663 INFO supervisord started with pid 1
2019-04-11 20:46:37,667 INFO spawned: 'nginx' with pid 51
2019-04-11 20:46:37,670 INFO spawned: 'uwsgi' with pid 52
2019-04-11 20:46:37,673 INFO spawned: 'ithriv_service_setup' with pid 53
2019-04-11 20:46:38,749 INFO success: nginx entered RUNNING state, process has stayed up for > than 1 seconds (startsecs)
2019-04-11 20:46:38,750 INFO success: uwsgi entered RUNNING state, process has stayed up for > than 1 seconds (startsecs)
2019-04-11 20:46:38,751 INFO success: ithriv_service_setup entered RUNNING state, process has stayed up for > than 1 seconds (startsecs)
2019-04-11 20:46:39,871 INFO exited: ithriv_service_setup (exit status 0; expected)
2019-04-11 21:31:39,361 CRIT Supervisor running as root (no user in config file)
2019-04-11 21:31:39,373 INFO supervisord started with pid 1
2019-04-11 21:31:40,378 INFO spawned: 'nginx' with pid 48
2019-04-11 21:31:40,382 INFO spawned: 'uwsgi' with pid 49
2019-04-11 21:31:40,385 INFO spawned: 'ithriv_service_setup' with pid 50
2019-04-11 21:31:41,458 INFO success: nginx entered RUNNING state, process has stayed up for > than 1 seconds (startsecs)
2019-04-11 21:31:41,459 INFO success: uwsgi entered RUNNING state, process has stayed up for > than 1 seconds (startsecs)
2019-04-11 21:31:41,460 INFO success: ithriv_service_setup entered RUNNING state, process has stayed up for > than 1 seconds (startsecs)
2019-04-11 21:32:09,882 INFO exited: ithriv_service_setup (exit status 0; expected)
2019-04-11 21:35:31,455 WARN received SIGTERM indicating exit request
2019-04-11 21:35:31,456 INFO waiting for nginx, uwsgi to die
2019-04-11 21:35:34,688 INFO waiting for nginx, uwsgi to die
2019-04-11 21:35:38,232 INFO waiting for nginx, uwsgi to die
2019-04-11 21:35:41,240 INFO waiting for nginx, uwsgi to die
2019-04-11 21:36:07,219 CRIT Supervisor running as root (no user in config file)
2019-04-11 21:36:07,224 INFO supervisord started with pid 1
2019-04-11 21:36:08,227 INFO spawned: 'nginx' with pid 47
2019-04-11 21:36:08,231 INFO spawned: 'uwsgi' with pid 48
2019-04-11 21:36:08,234 INFO spawned: 'ithriv_service_setup' with pid 49
2019-04-11 21:36:09,333 INFO success: nginx entered RUNNING state, process has stayed up for > than 1 seconds (startsecs)
2019-04-11 21:36:09,334 INFO success: uwsgi entered RUNNING state, process has stayed up for > than 1 seconds (startsecs)
2019-04-11 21:36:09,334 INFO success: ithriv_service_setup entered RUNNING state, process has stayed up for > than 1 seconds (startsecs)
2019-04-11 21:36:36,627 INFO exited: ithriv_service_setup (exit status 0; expected)
2019-04-11 21:40:42,509 CRIT Supervisor running as root (no user in config file)
2019-04-11 21:40:42,516 INFO supervisord started with pid 1
2019-04-11 21:40:43,518 INFO spawned: 'nginx' with pid 49
2019-04-11 21:40:43,520 INFO spawned: 'uwsgi' with pid 50
2019-04-11 21:40:43,525 INFO spawned: 'ithriv_service_setup' with pid 51
2019-04-11 21:40:44,615 INFO success: nginx entered RUNNING state, process has stayed up for > than 1 seconds (startsecs)
2019-04-11 21:40:44,616 INFO success: uwsgi entered RUNNING state, process has stayed up for > than 1 seconds (startsecs)
2019-04-11 21:40:44,617 INFO success: ithriv_service_setup entered RUNNING state, process has stayed up for > than 1 seconds (startsecs)
2019-04-11 21:41:13,603 INFO exited: ithriv_service_setup (exit status 0; expected)
2019-04-11 21:43:12,801 CRIT Supervisor running as root (no user in config file)
2019-04-11 21:43:12,810 INFO supervisord started with pid 1
2019-04-11 21:43:13,814 INFO spawned: 'nginx' with pid 47
2019-04-11 21:43:13,826 INFO spawned: 'uwsgi' with pid 48
2019-04-11 21:43:13,828 INFO spawned: 'ithriv_service_setup' with pid 49
2019-04-11 21:43:14,972 INFO success: nginx entered RUNNING state, process has stayed up for > than 1 seconds (startsecs)
2019-04-11 21:43:14,972 INFO success: uwsgi entered RUNNING state, process has stayed up for > than 1 seconds (startsecs)
2019-04-11 21:43:14,973 INFO success: ithriv_service_setup entered RUNNING state, process has stayed up for > than 1 seconds (startsecs)
2019-04-11 21:43:16,464 INFO exited: ithriv_service_setup (exit status 0; expected)
2019-04-11 21:52:11,551 CRIT Supervisor running as root (no user in config file)
2019-04-11 21:52:11,557 INFO supervisord started with pid 1
2019-04-11 21:52:12,563 INFO spawned: 'nginx' with pid 47
2019-04-11 21:52:12,566 INFO spawned: 'uwsgi' with pid 48
2019-04-11 21:52:12,570 INFO spawned: 'ithriv_service_setup' with pid 49
2019-04-11 21:52:13,645 INFO success: nginx entered RUNNING state, process has stayed up for > than 1 seconds (startsecs)
2019-04-11 21:52:13,645 INFO success: uwsgi entered RUNNING state, process has stayed up for > than 1 seconds (startsecs)
2019-04-11 21:52:13,647 INFO success: ithriv_service_setup entered RUNNING state, process has stayed up for > than 1 seconds (startsecs)
2019-04-11 21:52:14,635 INFO exited: ithriv_service_setup (exit status 0; expected)
2019-04-11 22:33:09,097 CRIT Supervisor running as root (no user in config file)
2019-04-11 22:33:09,110 INFO supervisord started with pid 1
2019-04-11 22:33:10,114 INFO spawned: 'nginx' with pid 49
2019-04-11 22:33:10,117 INFO spawned: 'uwsgi' with pid 50
2019-04-11 22:33:10,124 INFO spawned: 'ithriv_service_setup' with pid 51
2019-04-11 22:33:12,034 INFO success: nginx entered RUNNING state, process has stayed up for > than 1 seconds (startsecs)
2019-04-11 22:33:12,035 INFO success: uwsgi entered RUNNING state, process has stayed up for > than 1 seconds (startsecs)
2019-04-11 22:33:12,036 INFO success: ithriv_service_setup entered RUNNING state, process has stayed up for > than 1 seconds (startsecs)
2019-04-11 22:33:22,593 INFO exited: ithriv_service_setup (exit status 1; not expected)
2019-04-11 22:34:39,539 CRIT Supervisor running as root (no user in config file)
2019-04-11 22:34:39,548 INFO supervisord started with pid 1
2019-04-11 22:34:40,550 INFO spawned: 'nginx' with pid 47
2019-04-11 22:34:40,555 INFO spawned: 'uwsgi' with pid 48
2019-04-11 22:34:40,558 INFO spawned: 'ithriv_service_setup' with pid 49
2019-04-11 22:34:41,710 INFO success: nginx entered RUNNING state, process has stayed up for > than 1 seconds (startsecs)
2019-04-11 22:34:41,710 INFO success: uwsgi entered RUNNING state, process has stayed up for > than 1 seconds (startsecs)
2019-04-11 22:34:41,712 INFO success: ithriv_service_setup entered RUNNING state, process has stayed up for > than 1 seconds (startsecs)
2019-04-11 22:34:42,695 INFO exited: ithriv_service_setup (exit status 0; expected)
2019-04-11 22:36:32,398 WARN received SIGTERM indicating exit request
2019-04-11 22:36:32,403 INFO waiting for nginx, uwsgi to die
2019-04-11 22:36:35,639 INFO waiting for nginx, uwsgi to die
2019-04-11 22:36:38,927 INFO waiting for nginx, uwsgi to die
2019-04-11 22:36:41,935 INFO waiting for nginx, uwsgi to die
2019-04-11 22:37:56,945 CRIT Supervisor running as root (no user in config file)
2019-04-11 22:37:56,954 INFO supervisord started with pid 1
2019-04-11 22:37:57,958 INFO spawned: 'nginx' with pid 48
2019-04-11 22:37:57,960 INFO spawned: 'uwsgi' with pid 49
2019-04-11 22:37:57,963 INFO spawned: 'ithriv_service_setup' with pid 50
2019-04-11 22:37:59,050 INFO success: nginx entered RUNNING state, process has stayed up for > than 1 seconds (startsecs)
2019-04-11 22:37:59,051 INFO success: uwsgi entered RUNNING state, process has stayed up for > than 1 seconds (startsecs)
2019-04-11 22:37:59,052 INFO success: ithriv_service_setup entered RUNNING state, process has stayed up for > than 1 seconds (startsecs)
2019-04-11 22:37:59,725 INFO exited: ithriv_service_setup (exit status 0; expected)
2019-04-11 22:39:29,849 CRIT Supervisor running as root (no user in config file)
2019-04-11 22:39:29,855 INFO supervisord started with pid 1
2019-04-11 22:39:30,858 INFO spawned: 'nginx' with pid 47
2019-04-11 22:39:30,861 INFO spawned: 'uwsgi' with pid 48
2019-04-11 22:39:30,865 INFO spawned: 'ithriv_service_setup' with pid 49
2019-04-11 22:39:31,975 INFO success: nginx entered RUNNING state, process has stayed up for > than 1 seconds (startsecs)
2019-04-11 22:39:31,976 INFO success: uwsgi entered RUNNING state, process has stayed up for > than 1 seconds (startsecs)
2019-04-11 22:39:31,977 INFO success: ithriv_service_setup entered RUNNING state, process has stayed up for > than 1 seconds (startsecs)
2019-04-11 22:39:32,887 INFO exited: ithriv_service_setup (exit status 0; expected)
2019-04-12 16:22:12,028 WARN received SIGTERM indicating exit request
2019-04-12 16:22:12,029 INFO waiting for nginx, uwsgi to die
2019-04-12 16:22:15,300 INFO waiting for nginx, uwsgi to die
2019-04-12 16:22:18,812 INFO waiting for nginx, uwsgi to die
2019-04-12 16:22:21,820 INFO waiting for nginx, uwsgi to die
2019-04-12 16:35:09,983 CRIT Supervisor running as root (no user in config file)
2019-04-12 16:35:09,993 INFO supervisord started with pid 1
2019-04-12 16:35:10,962 INFO spawned: 'nginx' with pid 47
2019-04-12 16:35:10,967 INFO spawned: 'uwsgi' with pid 48
2019-04-12 16:35:10,976 INFO spawned: 'ithriv_service_setup' with pid 49
2019-04-12 16:35:12,040 INFO success: nginx entered RUNNING state, process has stayed up for > than 1 seconds (startsecs)
2019-04-12 16:35:12,040 INFO success: uwsgi entered RUNNING state, process has stayed up for > than 1 seconds (startsecs)
2019-04-12 16:35:12,041 INFO success: ithriv_service_setup entered RUNNING state, process has stayed up for > than 1 seconds (startsecs)
2019-04-12 16:35:40,311 INFO exited: ithriv_service_setup (exit status 0; expected)
2019-04-12 20:00:42,997 CRIT Supervisor running as root (no user in config file)
2019-04-12 20:00:43,008 INFO supervisord started with pid 1
2019-04-12 20:00:44,011 INFO spawned: 'nginx' with pid 48
2019-04-12 20:00:44,015 INFO spawned: 'uwsgi' with pid 49
2019-04-12 20:00:44,018 INFO spawned: 'ithriv_service_setup' with pid 50
2019-04-12 20:00:45,175 INFO success: nginx entered RUNNING state, process has stayed up for > than 1 seconds (startsecs)
2019-04-12 20:00:45,176 INFO success: uwsgi entered RUNNING state, process has stayed up for > than 1 seconds (startsecs)
2019-04-12 20:00:45,177 INFO success: ithriv_service_setup entered RUNNING state, process has stayed up for > than 1 seconds (startsecs)
2019-04-12 20:01:12,252 INFO exited: ithriv_service_setup (exit status 0; expected)
2019-04-16 13:27:52,352 CRIT Supervisor running as root (no user in config file)
2019-04-16 13:27:52,366 INFO supervisord started with pid 1
2019-04-16 13:27:53,369 INFO spawned: 'nginx' with pid 48
2019-04-16 13:27:53,374 INFO spawned: 'uwsgi' with pid 49
2019-04-16 13:27:53,377 INFO spawned: 'ithriv_service_setup' with pid 50
2019-04-16 13:27:54,571 INFO success: nginx entered RUNNING state, process has stayed up for > than 1 seconds (startsecs)
2019-04-16 13:27:54,572 INFO success: uwsgi entered RUNNING state, process has stayed up for > than 1 seconds (startsecs)
2019-04-16 13:27:54,572 INFO success: ithriv_service_setup entered RUNNING state, process has stayed up for > than 1 seconds (startsecs)
2019-04-16 13:27:55,871 INFO exited: ithriv_service_setup (exit status 0; expected)
2019-04-18 18:58:02,185 CRIT Supervisor running as root (no user in config file)
2019-04-18 18:58:02,194 INFO supervisord started with pid 1
2019-04-18 18:58:03,199 INFO spawned: 'nginx' with pid 47
2019-04-18 18:58:03,203 INFO spawned: 'uwsgi' with pid 48
2019-04-18 18:58:03,206 INFO spawned: 'ithriv_service_setup' with pid 49
2019-04-18 18:58:04,370 INFO success: nginx entered RUNNING state, process has stayed up for > than 1 seconds (startsecs)
2019-04-18 18:58:04,371 INFO success: uwsgi entered RUNNING state, process has stayed up for > than 1 seconds (startsecs)
2019-04-18 18:58:04,373 INFO success: ithriv_service_setup entered RUNNING state, process has stayed up for > than 1 seconds (startsecs)
2019-04-18 18:58:06,081 INFO exited: ithriv_service_setup (exit status 0; expected)
2019-04-19 20:50:03,435 CRIT Supervisor running as root (no user in config file)
2019-04-19 20:50:03,443 INFO supervisord started with pid 1
2019-04-19 20:50:04,446 INFO spawned: 'nginx' with pid 47
2019-04-19 20:50:04,448 INFO spawned: 'uwsgi' with pid 48
2019-04-19 20:50:04,451 INFO spawned: 'ithriv_service_setup' with pid 49
2019-04-19 20:50:05,586 INFO success: nginx entered RUNNING state, process has stayed up for > than 1 seconds (startsecs)
2019-04-19 20:50:05,587 INFO success: uwsgi entered RUNNING state, process has stayed up for > than 1 seconds (startsecs)
2019-04-19 20:50:05,588 INFO success: ithriv_service_setup entered RUNNING state, process has stayed up for > than 1 seconds (startsecs)
2019-04-19 20:50:30,037 INFO exited: ithriv_service_setup (exit status 0; expected)
2019-04-19 20:58:37,942 WARN received SIGTERM indicating exit request
2019-04-19 20:58:38,011 INFO waiting for nginx, uwsgi to die
2019-04-19 20:58:41,034 INFO waiting for nginx, uwsgi to die
2019-04-19 20:58:44,340 INFO waiting for nginx, uwsgi to die
2019-04-19 21:06:04,225 CRIT Supervisor running as root (no user in config file)
2019-04-19 21:06:04,233 INFO supervisord started with pid 1
2019-04-19 21:06:05,236 INFO spawned: 'nginx' with pid 47
2019-04-19 21:06:05,240 INFO spawned: 'uwsgi' with pid 48
2019-04-19 21:06:05,244 INFO spawned: 'ithriv_service_setup' with pid 49
2019-04-19 21:06:06,384 INFO success: nginx entered RUNNING state, process has stayed up for > than 1 seconds (startsecs)
2019-04-19 21:06:06,391 INFO success: uwsgi entered RUNNING state, process has stayed up for > than 1 seconds (startsecs)
2019-04-19 21:06:06,392 INFO success: ithriv_service_setup entered RUNNING state, process has stayed up for > than 1 seconds (startsecs)
2019-04-19 21:06:31,540 INFO exited: ithriv_service_setup (exit status 0; expected)
